<?xml version="1.0" encoding="UTF-8"?>
<testsuite xmlns:xsi="http://www.w3.org/2001/XMLSchema-instance" xsi:noNamespaceSchemaLocation="https://maven.apache.org/surefire/maven-surefire-plugin/xsd/surefire-test-report.xsd" version="3.0.2" name="com.fibbo.spring_app.controller.BookingControllerTest" time="11.968" tests="3" errors="0" skipped="0" failures="0">
  <properties>
[...]
</properties>
  <testcase name="shouldCreateBookingSuccessfully" classname="com.fibbo.spring_app.controller.BookingControllerTest" time="0.704">
    <system-out><![CDATA[12:51:10.274 [main] INFO org.springframework.test.context.support.AnnotationConfigContextLoaderUtils -- Could not detect default configuration classes for test class [com.fibbo.spring_app.controller.BookingControllerTest]: BookingControllerTest does not declare any static, non-private, non-final, nested classes annotated with @Configuration.
12:51:10.435 [main] INFO org.springframework.boot.test.context.SpringBootTestContextBootstrapper -- Found @SpringBootConfiguration com.fibbo.spring_app.SpringAppApplication for test class com.fibbo.spring_app.controller.BookingControllerTest
12:51:10.530 [main] INFO org.testcontainers.images.PullPolicy -- Image pull policy will be performed by: DefaultPullPolicy()
12:51:10.533 [main] INFO org.testcontainers.utility.ImageNameSubstitutor -- Image name substitution will be performed by: DefaultImageNameSubstitutor (composite of 'ConfigurationFileImageNameSubstitutor' and 'PrefixingImageNameSubstitutor')
12:51:10.549 [main] INFO org.testcontainers.DockerClientFactory -- Testcontainers version: 1.20.5
12:51:10.670 [main] INFO org.testcontainers.dockerclient.DockerClientProviderStrategy -- Loaded org.testcontainers.dockerclient.UnixSocketClientProviderStrategy from ~/.testcontainers.properties, will try it first
12:51:10.859 [main] INFO org.testcontainers.dockerclient.DockerClientProviderStrategy -- Found Docker environment with local Unix socket (unix:///var/run/docker.sock)
12:51:10.860 [main] INFO org.testcontainers.DockerClientFactory -- Docker host IP address is localhost
12:51:10.873 [main] INFO org.testcontainers.DockerClientFactory -- Connected to docker: 
  Server Version: 27.5.1
  API Version: 1.47
  Operating System: Linux Mint 22.1
  Total Memory: 15696 MB
12:51:10.894 [main] INFO tc.testcontainers/ryuk:0.11.0 -- Pulling docker image: testcontainers/ryuk:0.11.0. Please be patient; this may take some time but only needs to be done once.
12:51:10.897 [main] INFO org.testcontainers.utility.RegistryAuthLocator -- Failure when attempting to lookup auth config. Please ignore if you don't have images in an authenticated registry. Details: (dockerImageName: testcontainers/ryuk:latest, configFile: /home/joao/.docker/config.json, configEnv: DOCKER_AUTH_CONFIG). Falling back to docker-java default behaviour. Exception message: Status 404: No config supplied. Checked in order: /home/joao/.docker/config.json (file not found), DOCKER_AUTH_CONFIG (not set)
12:51:12.555 [docker-java-stream--1327023394] INFO tc.testcontainers/ryuk:0.11.0 -- Starting to pull image
12:51:12.573 [docker-java-stream--1327023394] INFO tc.testcontainers/ryuk:0.11.0 -- Pulling image layers:  0 pending,  0 downloaded,  0 extracted, (0 bytes/0 bytes)
12:51:13.887 [docker-java-stream--1327023394] INFO tc.testcontainers/ryuk:0.11.0 -- Pulling image layers:  2 pending,  1 downloaded,  0 extracted, (1 MB/? MB)
12:51:14.315 [docker-java-stream--1327023394] INFO tc.testcontainers/ryuk:0.11.0 -- Pulling image layers:  1 pending,  2 downloaded,  0 extracted, (4 MB/? MB)
12:51:14.383 [docker-java-stream--1327023394] INFO tc.testcontainers/ryuk:0.11.0 -- Pulling image layers:  1 pending,  2 downloaded,  1 extracted, (4 MB/? MB)
12:51:14.422 [docker-java-stream--1327023394] INFO tc.testcontainers/ryuk:0.11.0 -- Pulling image layers:  1 pending,  2 downloaded,  2 extracted, (4 MB/? MB)
12:51:15.743 [docker-java-stream--1327023394] INFO tc.testcontainers/ryuk:0.11.0 -- Pulling image layers:  0 pending,  3 downloaded,  2 extracted, (10 MB/10 MB)
12:51:15.775 [docker-java-stream--1327023394] INFO tc.testcontainers/ryuk:0.11.0 -- Pulling image layers:  0 pending,  3 downloaded,  3 extracted, (10 MB/10 MB)
12:51:15.791 [docker-java-stream--1327023394] INFO tc.testcontainers/ryuk:0.11.0 -- Pull complete. 3 layers, pulled in 3s (downloaded 10 MB at 3 MB/s)
12:51:15.791 [main] INFO tc.testcontainers/ryuk:0.11.0 -- Image testcontainers/ryuk:0.11.0 pull took PT4.897252895S
12:51:15.819 [main] INFO tc.testcontainers/ryuk:0.11.0 -- Creating container for image: testcontainers/ryuk:0.11.0
12:51:15.985 [main] INFO tc.testcontainers/ryuk:0.11.0 -- Container testcontainers/ryuk:0.11.0 is starting: f8821c8d58552bf8e4d47560756c514e848e83a616da9b76505ee447ff52d6cc
12:51:16.186 [main] INFO tc.testcontainers/ryuk:0.11.0 -- Container testcontainers/ryuk:0.11.0 started in PT0.3674247S
12:51:16.190 [main] INFO org.testcontainers.utility.RyukResourceReaper -- Ryuk started - will monitor and terminate Testcontainers containers on JVM exit
12:51:16.190 [main] INFO org.testcontainers.DockerClientFactory -- Checking the system...
12:51:16.190 [main] INFO org.testcontainers.DockerClientFactory -- ✔︎ Docker server version should be at least 1.6.0
12:51:16.191 [main] INFO tc.postgres:latest -- Creating container for image: postgres:latest
12:51:16.215 [main] INFO tc.postgres:latest -- Container postgres:latest is starting: deaa91da248b0df89d2a52adbdf43db59cd0d9aff13f4b42316876e4b563f6df
12:51:17.351 [main] INFO tc.postgres:latest -- Container postgres:latest started in PT1.160060079S
12:51:17.352 [main] INFO tc.postgres:latest -- Container is started (JDBC URL: jdbc:postgresql://localhost:32769/desafio?loggerLevel=OFF)
12:51:17.418 [main] INFO org.springframework.boot.devtools.restart.RestartApplicationListener -- Restart disabled due to context in which it is running

  .   ____          _            __ _ _
 /\\ / ___'_ __ _ _(_)_ __  __ _ \ \ \ \
( ( )\___ | '_ | '_| | '_ \/ _` | \ \ \ \
 \\/  ___)| |_)| | | | | || (_| |  ) ) ) )
  '  |____| .__|_| |_|_| |_\__, | / / / /
 =========|_|==============|___/=/_/_/_/

 :: Spring Boot ::                (v3.4.3)

2025-02-24T12:51:17.674-03:00  INFO 24461 --- [spring-app] [           main] c.f.s.controller.BookingControllerTest   : Starting BookingControllerTest using Java 17.0.14 with PID 24461 (started by joao in /home/joao/Área de trabalho/Desafio-mapa-de-assentos/spring-app)
2025-02-24T12:51:17.676-03:00  INFO 24461 --- [spring-app] [           main] c.f.s.controller.BookingControllerTest   : No active profile set, falling back to 1 default profile: "default"
2025-02-24T12:51:18.253-03:00  INFO 24461 --- [spring-app] [           main] .s.d.r.c.RepositoryConfigurationDelegate : Bootstrapping Spring Data JPA repositories in DEFAULT mode.
2025-02-24T12:51:18.294-03:00  INFO 24461 --- [spring-app] [           main] .s.d.r.c.RepositoryConfigurationDelegate : Finished Spring Data repository scanning in 34 ms. Found 3 JPA repository interfaces.
2025-02-24T12:51:18.617-03:00  INFO 24461 --- [spring-app] [           main] o.hibernate.jpa.internal.util.LogHelper  : HHH000204: Processing PersistenceUnitInfo [name: default]
2025-02-24T12:51:18.643-03:00  INFO 24461 --- [spring-app] [           main] org.hibernate.Version                    : HHH000412: Hibernate ORM core version 6.6.8.Final
2025-02-24T12:51:18.663-03:00  INFO 24461 --- [spring-app] [           main] o.h.c.internal.RegionFactoryInitiator    : HHH000026: Second-level cache disabled
2025-02-24T12:51:18.832-03:00  INFO 24461 --- [spring-app] [           main] o.s.o.j.p.SpringPersistenceUnitInfo      : No LoadTimeWeaver setup: ignoring JPA class transformer
2025-02-24T12:51:18.848-03:00  INFO 24461 --- [spring-app] [           main] com.zaxxer.hikari.HikariDataSource       : HikariPool-1 - Starting...
2025-02-24T12:51:18.963-03:00  INFO 24461 --- [spring-app] [           main] com.zaxxer.hikari.pool.HikariPool        : HikariPool-1 - Added connection org.postgresql.jdbc.PgConnection@731fae
2025-02-24T12:51:18.964-03:00  INFO 24461 --- [spring-app] [           main] com.zaxxer.hikari.HikariDataSource       : HikariPool-1 - Start completed.
2025-02-24T12:51:18.989-03:00  WARN 24461 --- [spring-app] [           main] org.hibernate.orm.deprecation            : HHH90000025: PostgreSQLDialect does not need to be specified explicitly using 'hibernate.dialect' (remove the property setting and it will be selected by default)
2025-02-24T12:51:19.003-03:00  INFO 24461 --- [spring-app] [           main] org.hibernate.orm.connections.pooling    : HHH10001005: Database info:
	Database JDBC URL [Connecting through datasource 'HikariDataSource (HikariPool-1)']
	Database driver: undefined/unknown
	Database version: 17.4
	Autocommit mode: undefined/unknown
	Isolation level: undefined/unknown
	Minimum pool size: undefined/unknown
	Maximum pool size: undefined/unknown
2025-02-24T12:51:19.549-03:00  INFO 24461 --- [spring-app] [           main] o.h.e.t.j.p.i.JtaPlatformInitiator       : HHH000489: No JTA platform available (set 'hibernate.transaction.jta.platform' to enable JTA platform integration)
Hibernate: create table tb_booking (id bigint generated by default as identity, acao varchar(255) check (acao in ('ALOCACAO','REMOCAO')), data_hora timestamp(6), seat_id uuid, user_id bigint, primary key (id))
Hibernate: create table tb_seat (id uuid not null, ocupada boolean, primary key (id))
Hibernate: create table tb_users (id bigint generated by default as identity, password varchar(255), role varchar(255), username varchar(255), primary key (id))
Hibernate: alter table if exists tb_booking add constraint FKlc8dhwlesl8t1sxkvdcyl76q2 foreign key (seat_id) references tb_seat
Hibernate: alter table if exists tb_booking add constraint FK4t2eomsmy1esvawk4qljhugxm foreign key (user_id) references tb_users
2025-02-24T12:51:19.589-03:00  INFO 24461 --- [spring-app] [           main] j.LocalContainerEntityManagerFactoryBean : Initialized JPA EntityManagerFactory for persistence unit 'default'
Hibernate: select u1_0.id,u1_0.password,u1_0.role,u1_0.username from tb_users u1_0 where u1_0.username=?
Hibernate: select u1_0.id,u1_0.password,u1_0.role,u1_0.username from tb_users u1_0 where u1_0.username=?
Hibernate: insert into tb_users (password,role,username) values (?,?,?)
Hibernate: insert into tb_users (password,role,username) values (?,?,?)
Hibernate: select s1_0.id,s1_0.ocupada from tb_seat s1_0
Hibernate: insert into tb_seat (ocupada,id) values (?,?)
Hibernate: insert into tb_seat (ocupada,id) values (?,?)
Hibernate: insert into tb_seat (ocupada,id) values (?,?)
Hibernate: insert into tb_seat (ocupada,id) values (?,?)
Hibernate: insert into tb_seat (ocupada,id) values (?,?)
Hibernate: insert into tb_seat (ocupada,id) values (?,?)
Hibernate: insert into tb_seat (ocupada,id) values (?,?)
Hibernate: insert into tb_seat (ocupada,id) values (?,?)
Hibernate: insert into tb_seat (ocupada,id) values (?,?)
Hibernate: insert into tb_seat (ocupada,id) values (?,?)
Hibernate: insert into tb_seat (ocupada,id) values (?,?)
Hibernate: insert into tb_seat (ocupada,id) values (?,?)
Hibernate: insert into tb_seat (ocupada,id) values (?,?)
Hibernate: insert into tb_seat (ocupada,id) values (?,?)
Hibernate: insert into tb_seat (ocupada,id) values (?,?)
2025-02-24T12:51:20.270-03:00  WARN 24461 --- [spring-app] [           main] JpaBaseConfiguration$JpaWebConfiguration : spring.jpa.open-in-view is enabled by default. Therefore, database queries may be performed during view rendering. Explicitly configure spring.jpa.open-in-view to disable this warning
2025-02-24T12:51:20.298-03:00  WARN 24461 --- [spring-app] [           main] .s.s.UserDetailsServiceAutoConfiguration : 

Using generated security password: b7a6214a-6289-4272-9a82-28b3599243ac

This generated password is for development use only. Your security configuration must be updated before running your application in production.

2025-02-24T12:51:20.305-03:00  INFO 24461 --- [spring-app] [           main] r$InitializeUserDetailsManagerConfigurer : Global AuthenticationManager configured with UserDetailsService bean with name inMemoryUserDetailsManager
2025-02-24T12:51:20.825-03:00  INFO 24461 --- [spring-app] [           main] o.s.b.t.m.w.SpringBootMockServletContext : Initializing Spring TestDispatcherServlet ''
2025-02-24T12:51:20.826-03:00  INFO 24461 --- [spring-app] [           main] o.s.t.web.servlet.TestDispatcherServlet  : Initializing Servlet ''
2025-02-24T12:51:20.827-03:00  INFO 24461 --- [spring-app] [           main] o.s.t.web.servlet.TestDispatcherServlet  : Completed initialization in 1 ms
2025-02-24T12:51:20.850-03:00  INFO 24461 --- [spring-app] [           main] c.f.s.controller.BookingControllerTest   : Started BookingControllerTest in 3.443 seconds (process running for 11.268)
Hibernate: select u1_0.id,u1_0.password,u1_0.role,u1_0.username from tb_users u1_0 where u1_0.username=?
Hibernate: select u1_0.id,u1_0.password,u1_0.role,u1_0.username from tb_users u1_0 where u1_0.username=?
Hibernate: insert into tb_seat (ocupada,id) values (?,?)
Hibernate: select u1_0.id,u1_0.password,u1_0.role,u1_0.username from tb_users u1_0 where u1_0.username=?
Hibernate: select u1_0.id,u1_0.password,u1_0.role,u1_0.username from tb_users u1_0 where u1_0.username=?
Hibernate: select u1_0.id,u1_0.password,u1_0.role,u1_0.username from tb_users u1_0 where u1_0.username=?
Hibernate: select s1_0.id,s1_0.ocupada from tb_seat s1_0 where s1_0.id=?
Hibernate: insert into tb_booking (acao,data_hora,seat_id,user_id) values (?,?,?,?)
Hibernate: update tb_seat set ocupada=? where id=?
]]></system-out>
  </testcase>
  <testcase name="shouldUpdateBookingSuccessfully" classname="com.fibbo.spring_app.controller.BookingControllerTest" time="0.129">
    <system-out><![CDATA[Hibernate: select u1_0.id,u1_0.password,u1_0.role,u1_0.username from tb_users u1_0 where u1_0.username=?
Hibernate: select u1_0.id,u1_0.password,u1_0.role,u1_0.username from tb_users u1_0 where u1_0.username=?
Hibernate: insert into tb_seat (ocupada,id) values (?,?)
Hibernate: select u1_0.id,u1_0.password,u1_0.role,u1_0.username from tb_users u1_0 where u1_0.username=?
Hibernate: insert into tb_booking (acao,data_hora,seat_id,user_id) values (?,?,?,?)
Hibernate: select u1_0.id,u1_0.password,u1_0.role,u1_0.username from tb_users u1_0 where u1_0.username=?
Hibernate: select u1_0.id,u1_0.password,u1_0.role,u1_0.username from tb_users u1_0 where u1_0.username=?
Hibernate: select u1_0.id,u1_0.password,u1_0.role,u1_0.username from tb_users u1_0 where u1_0.username=?
Hibernate: select b1_0.id,b1_0.acao,b1_0.data_hora,s1_0.id,s1_0.ocupada,u1_0.id,u1_0.password,u1_0.role,u1_0.username from tb_booking b1_0 left join tb_seat s1_0 on s1_0.id=b1_0.seat_id left join tb_users u1_0 on u1_0.id=b1_0.user_id where b1_0.id=?
Hibernate: update tb_booking set acao=?,data_hora=?,seat_id=?,user_id=? where id=?
]]></system-out>
  </testcase>
  <testcase name="testContainerIsRunning" classname="com.fibbo.spring_app.controller.BookingControllerTest" time="0.099">
    <system-out><![CDATA[Hibernate: select u1_0.id,u1_0.password,u1_0.role,u1_0.username from tb_users u1_0 where u1_0.username=?
Hibernate: select u1_0.id,u1_0.password,u1_0.role,u1_0.username from tb_users u1_0 where u1_0.username=?
]]></system-out>
  </testcase>
</testsuite>