<?xml version="1.0" encoding="UTF-8"?>
<testsuite xmlns:xsi="http://www.w3.org/2001/XMLSchema-instance" xsi:noNamespaceSchemaLocation="https://maven.apache.org/surefire/maven-surefire-plugin/xsd/surefire-test-report.xsd" version="3.0.2" name="com.fibbo.spring_app.SpringAppApplicationTests" time="2.321" tests="1" errors="0" skipped="0" failures="0">
  <properties>
[...]
</properties>
  <testcase name="contextLoads" classname="com.fibbo.spring_app.SpringAppApplicationTests" time="0.004">
    <system-out><![CDATA[2025-02-22T17:32:07.410-03:00  INFO 194072 --- [spring-app] [           main] t.c.s.AnnotationConfigContextLoaderUtils : Could not detect default configuration classes for test class [com.fibbo.spring_app.SpringAppApplicationTests]: SpringAppApplicationTests does not declare any static, non-private, non-final, nested classes annotated with @Configuration.
2025-02-22T17:32:07.414-03:00  INFO 194072 --- [spring-app] [           main] .b.t.c.SpringBootTestContextBootstrapper : Found @SpringBootConfiguration com.fibbo.spring_app.SpringAppApplication for test class com.fibbo.spring_app.SpringAppApplicationTests
2025-02-22T17:32:07.416-03:00  INFO 194072 --- [spring-app] [           main] o.s.b.d.r.RestartApplicationListener     : Restart disabled due to context in which it is running

  .   ____          _            __ _ _
 /\\ / ___'_ __ _ _(_)_ __  __ _ \ \ \ \
( ( )\___ | '_ | '_| | '_ \/ _` | \ \ \ \
 \\/  ___)| |_)| | | | | || (_| |  ) ) ) )
  '  |____| .__|_| |_|_| |_\__, | / / / /
 =========|_|==============|___/=/_/_/_/

 :: Spring Boot ::                (v3.4.3)

2025-02-22T17:32:07.430-03:00  INFO 194072 --- [spring-app] [           main] c.f.s.SpringAppApplicationTests          : Starting SpringAppApplicationTests using Java 17.0.14 with PID 194072 (started by joao in /home/joao/Área de trabalho/Desafio-mapa-de-assentos/spring-app)
2025-02-22T17:32:07.430-03:00  INFO 194072 --- [spring-app] [           main] c.f.s.SpringAppApplicationTests          : No active profile set, falling back to 1 default profile: "default"
2025-02-22T17:32:07.546-03:00  INFO 194072 --- [spring-app] [           main] .s.d.r.c.RepositoryConfigurationDelegate : Bootstrapping Spring Data JPA repositories in DEFAULT mode.
2025-02-22T17:32:07.554-03:00  INFO 194072 --- [spring-app] [           main] .s.d.r.c.RepositoryConfigurationDelegate : Finished Spring Data repository scanning in 6 ms. Found 3 JPA repository interfaces.
2025-02-22T17:32:07.616-03:00  INFO 194072 --- [spring-app] [           main] tc.postgres:latest                       : Creating container for image: postgres:latest
2025-02-22T17:32:07.673-03:00  INFO 194072 --- [spring-app] [           main] tc.postgres:latest                       : Container postgres:latest is starting: 956e5f7c8202c2245f36abb3e8847210d56ec7a298bcfae251701465192b1022
2025-02-22T17:32:09.259-03:00  INFO 194072 --- [spring-app] [           main] tc.postgres:latest                       : Container postgres:latest started in PT1.643070933S
2025-02-22T17:32:09.259-03:00  INFO 194072 --- [spring-app] [           main] tc.postgres:latest                       : Container is started (JDBC URL: jdbc:postgresql://localhost:32821/test?loggerLevel=OFF)
2025-02-22T17:32:09.296-03:00  INFO 194072 --- [spring-app] [           main] o.hibernate.jpa.internal.util.LogHelper  : HHH000204: Processing PersistenceUnitInfo [name: default]
2025-02-22T17:32:09.297-03:00  INFO 194072 --- [spring-app] [           main] o.h.c.internal.RegionFactoryInitiator    : HHH000026: Second-level cache disabled
2025-02-22T17:32:09.303-03:00  INFO 194072 --- [spring-app] [           main] o.s.o.j.p.SpringPersistenceUnitInfo      : No LoadTimeWeaver setup: ignoring JPA class transformer
2025-02-22T17:32:09.304-03:00  INFO 194072 --- [spring-app] [           main] com.zaxxer.hikari.HikariDataSource       : HikariPool-2 - Starting...
2025-02-22T17:32:09.313-03:00  INFO 194072 --- [spring-app] [           main] com.zaxxer.hikari.pool.HikariPool        : HikariPool-2 - Added connection org.postgresql.jdbc.PgConnection@6afafa48
2025-02-22T17:32:09.313-03:00  INFO 194072 --- [spring-app] [           main] com.zaxxer.hikari.HikariDataSource       : HikariPool-2 - Start completed.
2025-02-22T17:32:09.316-03:00  WARN 194072 --- [spring-app] [           main] org.hibernate.orm.deprecation            : HHH90000025: PostgreSQLDialect does not need to be specified explicitly using 'hibernate.dialect' (remove the property setting and it will be selected by default)
2025-02-22T17:32:09.317-03:00  INFO 194072 --- [spring-app] [           main] org.hibernate.orm.connections.pooling    : HHH10001005: Database info:
	Database JDBC URL [Connecting through datasource 'HikariDataSource (HikariPool-2)']
	Database driver: undefined/unknown
	Database version: 17.4
	Autocommit mode: undefined/unknown
	Isolation level: undefined/unknown
	Minimum pool size: undefined/unknown
	Maximum pool size: undefined/unknown
2025-02-22T17:32:09.370-03:00  INFO 194072 --- [spring-app] [           main] o.h.e.t.j.p.i.JtaPlatformInitiator       : HHH000489: No JTA platform available (set 'hibernate.transaction.jta.platform' to enable JTA platform integration)
Hibernate: create table tb_booking (id bigint generated by default as identity, acao varchar(255) check (acao in ('ALOCACAO','REMOCAO')), data_hora timestamp(6), seat_id uuid, user_id bigint, primary key (id))
Hibernate: create table tb_seat (id uuid not null, ocupada boolean, primary key (id))
Hibernate: create table tb_users (id bigint generated by default as identity, password varchar(255), role varchar(255), username varchar(255), primary key (id))
Hibernate: alter table if exists tb_booking add constraint FKlc8dhwlesl8t1sxkvdcyl76q2 foreign key (seat_id) references tb_seat
Hibernate: alter table if exists tb_booking add constraint FK4t2eomsmy1esvawk4qljhugxm foreign key (user_id) references tb_users
2025-02-22T17:32:09.390-03:00  INFO 194072 --- [spring-app] [           main] j.LocalContainerEntityManagerFactoryBean : Initialized JPA EntityManagerFactory for persistence unit 'default'
Hibernate: select u1_0.id,u1_0.password,u1_0.role,u1_0.username from tb_users u1_0 where u1_0.username=?
Hibernate: select u1_0.id,u1_0.password,u1_0.role,u1_0.username from tb_users u1_0 where u1_0.username=?
Hibernate: insert into tb_users (password,role,username) values (?,?,?)
Hibernate: insert into tb_users (password,role,username) values (?,?,?)
Hibernate: select s1_0.id,s1_0.ocupada from tb_seat s1_0
Hibernate: insert into tb_seat (ocupada,id) values (?,?)
Hibernate: insert into tb_seat (ocupada,id) values (?,?)
Hibernate: insert into tb_seat (ocupada,id) values (?,?)
Hibernate: insert into tb_seat (ocupada,id) values (?,?)
Hibernate: insert into tb_seat (ocupada,id) values (?,?)
Hibernate: insert into tb_seat (ocupada,id) values (?,?)
Hibernate: insert into tb_seat (ocupada,id) values (?,?)
Hibernate: insert into tb_seat (ocupada,id) values (?,?)
Hibernate: insert into tb_seat (ocupada,id) values (?,?)
Hibernate: insert into tb_seat (ocupada,id) values (?,?)
Hibernate: insert into tb_seat (ocupada,id) values (?,?)
Hibernate: insert into tb_seat (ocupada,id) values (?,?)
Hibernate: insert into tb_seat (ocupada,id) values (?,?)
Hibernate: insert into tb_seat (ocupada,id) values (?,?)
Hibernate: insert into tb_seat (ocupada,id) values (?,?)
2025-02-22T17:32:09.573-03:00  WARN 194072 --- [spring-app] [           main] JpaBaseConfiguration$JpaWebConfiguration : spring.jpa.open-in-view is enabled by default. Therefore, database queries may be performed during view rendering. Explicitly configure spring.jpa.open-in-view to disable this warning
2025-02-22T17:32:09.591-03:00  WARN 194072 --- [spring-app] [           main] .s.s.UserDetailsServiceAutoConfiguration : 

Using generated security password: e82f190a-7691-4cdb-9700-673541b379c6

This generated password is for development use only. Your security configuration must be updated before running your application in production.

2025-02-22T17:32:09.592-03:00  INFO 194072 --- [spring-app] [           main] r$InitializeUserDetailsManagerConfigurer : Global AuthenticationManager configured with UserDetailsService bean with name inMemoryUserDetailsManager
2025-02-22T17:32:09.724-03:00  INFO 194072 --- [spring-app] [           main] c.f.s.SpringAppApplicationTests          : Started SpringAppApplicationTests in 2.308 seconds (process running for 48.79)
]]></system-out>
  </testcase>
</testsuite>