<?xml version="1.0" encoding="UTF-8"?>
<testsuite xmlns:xsi="http://www.w3.org/2001/XMLSchema-instance" xsi:noNamespaceSchemaLocation="https://maven.apache.org/surefire/maven-surefire-plugin/xsd/surefire-test-report.xsd" version="3.0.2" name="com.fibbo.spring_app.controller.BookingControllerTest" time="7.076" tests="3" errors="0" skipped="0" failures="0">
  <properties>
[...]
</properties>
  <testcase name="shouldCreateBookingSuccessfully" classname="com.fibbo.spring_app.controller.BookingControllerTest" time="0.612">
    <system-out><![CDATA[15:28:38.973 [main] INFO org.springframework.test.context.support.AnnotationConfigContextLoaderUtils -- Could not detect default configuration classes for test class [com.fibbo.spring_app.controller.BookingControllerTest]: BookingControllerTest does not declare any static, non-private, non-final, nested classes annotated with @Configuration.
15:28:39.064 [main] INFO org.springframework.boot.test.context.SpringBootTestContextBootstrapper -- Found @SpringBootConfiguration com.fibbo.spring_app.SpringAppApplication for test class com.fibbo.spring_app.controller.BookingControllerTest
15:28:39.126 [main] INFO org.testcontainers.images.PullPolicy -- Image pull policy will be performed by: DefaultPullPolicy()
15:28:39.128 [main] INFO org.testcontainers.utility.ImageNameSubstitutor -- Image name substitution will be performed by: DefaultImageNameSubstitutor (composite of 'ConfigurationFileImageNameSubstitutor' and 'PrefixingImageNameSubstitutor')
15:28:39.141 [main] INFO org.testcontainers.DockerClientFactory -- Testcontainers version: 1.20.5
15:28:39.212 [main] INFO org.testcontainers.dockerclient.DockerClientProviderStrategy -- Loaded org.testcontainers.dockerclient.UnixSocketClientProviderStrategy from ~/.testcontainers.properties, will try it first
15:28:39.360 [main] INFO org.testcontainers.dockerclient.DockerClientProviderStrategy -- Found Docker environment with local Unix socket (unix:///var/run/docker.sock)
15:28:39.361 [main] INFO org.testcontainers.DockerClientFactory -- Docker host IP address is localhost
15:28:39.371 [main] INFO org.testcontainers.DockerClientFactory -- Connected to docker: 
  Server Version: 27.5.1
  API Version: 1.47
  Operating System: Linux Mint 22.1
  Total Memory: 15696 MB
15:28:39.387 [main] INFO tc.testcontainers/ryuk:0.11.0 -- Creating container for image: testcontainers/ryuk:0.11.0
15:28:39.391 [main] INFO org.testcontainers.utility.RegistryAuthLocator -- Failure when attempting to lookup auth config. Please ignore if you don't have images in an authenticated registry. Details: (dockerImageName: testcontainers/ryuk:0.11.0, configFile: /home/joao/.docker/config.json, configEnv: DOCKER_AUTH_CONFIG). Falling back to docker-java default behaviour. Exception message: Status 404: No config supplied. Checked in order: /home/joao/.docker/config.json (file not found), DOCKER_AUTH_CONFIG (not set)
15:28:39.501 [main] INFO tc.testcontainers/ryuk:0.11.0 -- Container testcontainers/ryuk:0.11.0 is starting: 7f135d55c0620bcab23e8679d956f473cb1db2893ac27cb23397fced397d153c
15:28:39.700 [main] INFO tc.testcontainers/ryuk:0.11.0 -- Container testcontainers/ryuk:0.11.0 started in PT0.312438421S
15:28:39.703 [main] INFO org.testcontainers.utility.RyukResourceReaper -- Ryuk started - will monitor and terminate Testcontainers containers on JVM exit
15:28:39.704 [main] INFO org.testcontainers.DockerClientFactory -- Checking the system...
15:28:39.704 [main] INFO org.testcontainers.DockerClientFactory -- ✔︎ Docker server version should be at least 1.6.0
15:28:39.704 [main] INFO tc.postgres:latest -- Creating container for image: postgres:latest
15:28:39.740 [main] INFO tc.postgres:latest -- Container postgres:latest is starting: 4b44a9e08cc8a9fe9cc62b1874fbf0f82bfed3e8ad2f071ba83ac4e4a557a47a
15:28:41.293 [main] INFO tc.postgres:latest -- Container postgres:latest started in PT1.588418236S
15:28:41.293 [main] INFO tc.postgres:latest -- Container is started (JDBC URL: jdbc:postgresql://localhost:32803/desafio?loggerLevel=OFF)
15:28:41.319 [main] INFO org.springframework.boot.devtools.restart.RestartApplicationListener -- Restart disabled due to context in which it is running

  .   ____          _            __ _ _
 /\\ / ___'_ __ _ _(_)_ __  __ _ \ \ \ \
( ( )\___ | '_ | '_| | '_ \/ _` | \ \ \ \
 \\/  ___)| |_)| | | | | || (_| |  ) ) ) )
  '  |____| .__|_| |_|_| |_\__, | / / / /
 =========|_|==============|___/=/_/_/_/

 :: Spring Boot ::                (v3.4.3)

2025-02-22T15:28:41.497-03:00  INFO 138151 --- [spring-app] [           main] c.f.s.controller.BookingControllerTest   : Starting BookingControllerTest using Java 17.0.14 with PID 138151 (started by joao in /home/joao/Área de trabalho/Desafio-mapa-de-assentos/spring-app)
2025-02-22T15:28:41.498-03:00  INFO 138151 --- [spring-app] [           main] c.f.s.controller.BookingControllerTest   : No active profile set, falling back to 1 default profile: "default"
2025-02-22T15:28:41.968-03:00  INFO 138151 --- [spring-app] [           main] .s.d.r.c.RepositoryConfigurationDelegate : Bootstrapping Spring Data JPA repositories in DEFAULT mode.
2025-02-22T15:28:42.007-03:00  INFO 138151 --- [spring-app] [           main] .s.d.r.c.RepositoryConfigurationDelegate : Finished Spring Data repository scanning in 32 ms. Found 3 JPA repository interfaces.
2025-02-22T15:28:42.356-03:00  INFO 138151 --- [spring-app] [           main] o.hibernate.jpa.internal.util.LogHelper  : HHH000204: Processing PersistenceUnitInfo [name: default]
2025-02-22T15:28:42.381-03:00  INFO 138151 --- [spring-app] [           main] org.hibernate.Version                    : HHH000412: Hibernate ORM core version 6.6.8.Final
2025-02-22T15:28:42.399-03:00  INFO 138151 --- [spring-app] [           main] o.h.c.internal.RegionFactoryInitiator    : HHH000026: Second-level cache disabled
2025-02-22T15:28:42.530-03:00  INFO 138151 --- [spring-app] [           main] o.s.o.j.p.SpringPersistenceUnitInfo      : No LoadTimeWeaver setup: ignoring JPA class transformer
2025-02-22T15:28:42.546-03:00  INFO 138151 --- [spring-app] [           main] com.zaxxer.hikari.HikariDataSource       : HikariPool-1 - Starting...
2025-02-22T15:28:42.652-03:00  INFO 138151 --- [spring-app] [           main] com.zaxxer.hikari.pool.HikariPool        : HikariPool-1 - Added connection org.postgresql.jdbc.PgConnection@8ee1404
2025-02-22T15:28:42.653-03:00  INFO 138151 --- [spring-app] [           main] com.zaxxer.hikari.HikariDataSource       : HikariPool-1 - Start completed.
2025-02-22T15:28:42.674-03:00  WARN 138151 --- [spring-app] [           main] org.hibernate.orm.deprecation            : HHH90000025: PostgreSQLDialect does not need to be specified explicitly using 'hibernate.dialect' (remove the property setting and it will be selected by default)
2025-02-22T15:28:42.684-03:00  INFO 138151 --- [spring-app] [           main] org.hibernate.orm.connections.pooling    : HHH10001005: Database info:
	Database JDBC URL [Connecting through datasource 'HikariDataSource (HikariPool-1)']
	Database driver: undefined/unknown
	Database version: 17.3
	Autocommit mode: undefined/unknown
	Isolation level: undefined/unknown
	Minimum pool size: undefined/unknown
	Maximum pool size: undefined/unknown
2025-02-22T15:28:43.158-03:00  INFO 138151 --- [spring-app] [           main] o.h.e.t.j.p.i.JtaPlatformInitiator       : HHH000489: No JTA platform available (set 'hibernate.transaction.jta.platform' to enable JTA platform integration)
Hibernate: create table tb_booking (id bigint generated by default as identity, acao varchar(255) check (acao in ('ALOCACAO','REMOCAO')), data_hora timestamp(6), seat_id uuid, user_id bigint, primary key (id))
Hibernate: create table tb_seat (id uuid not null, ocupada boolean, primary key (id))
Hibernate: create table tb_users (id bigint generated by default as identity, password varchar(255), role varchar(255), username varchar(255), primary key (id))
Hibernate: alter table if exists tb_booking add constraint FKlc8dhwlesl8t1sxkvdcyl76q2 foreign key (seat_id) references tb_seat
Hibernate: alter table if exists tb_booking add constraint FK4t2eomsmy1esvawk4qljhugxm foreign key (user_id) references tb_users
2025-02-22T15:28:43.187-03:00  INFO 138151 --- [spring-app] [           main] j.LocalContainerEntityManagerFactoryBean : Initialized JPA EntityManagerFactory for persistence unit 'default'
Hibernate: select count(*) from tb_users u1_0
Hibernate: insert into tb_users (password,role,username) values (?,?,?)
Hibernate: insert into tb_users (password,role,username) values (?,?,?)
Hibernate: select s1_0.id,s1_0.ocupada from tb_seat s1_0
Hibernate: insert into tb_seat (ocupada,id) values (?,?)
Hibernate: insert into tb_seat (ocupada,id) values (?,?)
Hibernate: insert into tb_seat (ocupada,id) values (?,?)
Hibernate: insert into tb_seat (ocupada,id) values (?,?)
Hibernate: insert into tb_seat (ocupada,id) values (?,?)
Hibernate: insert into tb_seat (ocupada,id) values (?,?)
Hibernate: insert into tb_seat (ocupada,id) values (?,?)
Hibernate: insert into tb_seat (ocupada,id) values (?,?)
Hibernate: insert into tb_seat (ocupada,id) values (?,?)
Hibernate: insert into tb_seat (ocupada,id) values (?,?)
Hibernate: insert into tb_seat (ocupada,id) values (?,?)
Hibernate: insert into tb_seat (ocupada,id) values (?,?)
Hibernate: insert into tb_seat (ocupada,id) values (?,?)
Hibernate: insert into tb_seat (ocupada,id) values (?,?)
Hibernate: insert into tb_seat (ocupada,id) values (?,?)
2025-02-22T15:28:43.811-03:00  WARN 138151 --- [spring-app] [           main] JpaBaseConfiguration$JpaWebConfiguration : spring.jpa.open-in-view is enabled by default. Therefore, database queries may be performed during view rendering. Explicitly configure spring.jpa.open-in-view to disable this warning
2025-02-22T15:28:43.889-03:00  WARN 138151 --- [spring-app] [           main] .s.s.UserDetailsServiceAutoConfiguration : 

Using generated security password: e9247e0e-3eab-4569-87ef-49d76f4e40f0

This generated password is for development use only. Your security configuration must be updated before running your application in production.

2025-02-22T15:28:43.893-03:00  INFO 138151 --- [spring-app] [           main] r$InitializeUserDetailsManagerConfigurer : Global AuthenticationManager configured with UserDetailsService bean with name inMemoryUserDetailsManager
2025-02-22T15:28:44.645-03:00  INFO 138151 --- [spring-app] [           main] o.s.b.t.m.w.SpringBootMockServletContext : Initializing Spring TestDispatcherServlet ''
2025-02-22T15:28:44.646-03:00  INFO 138151 --- [spring-app] [           main] o.s.t.web.servlet.TestDispatcherServlet  : Initializing Servlet ''
2025-02-22T15:28:44.647-03:00  INFO 138151 --- [spring-app] [           main] o.s.t.web.servlet.TestDispatcherServlet  : Completed initialization in 1 ms
2025-02-22T15:28:44.674-03:00  INFO 138151 --- [spring-app] [           main] c.f.s.controller.BookingControllerTest   : Started BookingControllerTest in 3.361 seconds (process running for 6.079)
Hibernate: select u1_0.id,u1_0.password,u1_0.role,u1_0.username from tb_users u1_0 where u1_0.username=?
Hibernate: select u1_0.id,u1_0.password,u1_0.role,u1_0.username from tb_users u1_0 where u1_0.username=?
Hibernate: insert into tb_seat (ocupada,id) values (?,?)
Hibernate: select u1_0.id,u1_0.password,u1_0.role,u1_0.username from tb_users u1_0 where u1_0.username=?
Hibernate: select u1_0.id,u1_0.password,u1_0.role,u1_0.username from tb_users u1_0 where u1_0.username=?
Hibernate: select u1_0.id,u1_0.password,u1_0.role,u1_0.username from tb_users u1_0 where u1_0.username=?
Hibernate: select s1_0.id,s1_0.ocupada from tb_seat s1_0 where s1_0.id=?
Hibernate: insert into tb_booking (acao,data_hora,seat_id,user_id) values (?,?,?,?)
Hibernate: update tb_seat set ocupada=? where id=?
]]></system-out>
  </testcase>
  <testcase name="shouldUpdateBookingSuccessfully" classname="com.fibbo.spring_app.controller.BookingControllerTest" time="0.104">
    <system-out><![CDATA[Hibernate: select u1_0.id,u1_0.password,u1_0.role,u1_0.username from tb_users u1_0 where u1_0.username=?
Hibernate: select u1_0.id,u1_0.password,u1_0.role,u1_0.username from tb_users u1_0 where u1_0.username=?
Hibernate: insert into tb_seat (ocupada,id) values (?,?)
Hibernate: select u1_0.id,u1_0.password,u1_0.role,u1_0.username from tb_users u1_0 where u1_0.username=?
Hibernate: insert into tb_booking (acao,data_hora,seat_id,user_id) values (?,?,?,?)
Hibernate: select u1_0.id,u1_0.password,u1_0.role,u1_0.username from tb_users u1_0 where u1_0.username=?
Hibernate: select u1_0.id,u1_0.password,u1_0.role,u1_0.username from tb_users u1_0 where u1_0.username=?
Hibernate: select u1_0.id,u1_0.password,u1_0.role,u1_0.username from tb_users u1_0 where u1_0.username=?
Hibernate: select b1_0.id,b1_0.acao,b1_0.data_hora,s1_0.id,s1_0.ocupada,u1_0.id,u1_0.password,u1_0.role,u1_0.username from tb_booking b1_0 left join tb_seat s1_0 on s1_0.id=b1_0.seat_id left join tb_users u1_0 on u1_0.id=b1_0.user_id where b1_0.id=?
Hibernate: update tb_booking set acao=?,data_hora=?,seat_id=?,user_id=? where id=?
]]></system-out>
  </testcase>
  <testcase name="testContainerIsRunning" classname="com.fibbo.spring_app.controller.BookingControllerTest" time="0.087">
    <system-out><![CDATA[Hibernate: select u1_0.id,u1_0.password,u1_0.role,u1_0.username from tb_users u1_0 where u1_0.username=?
Hibernate: select u1_0.id,u1_0.password,u1_0.role,u1_0.username from tb_users u1_0 where u1_0.username=?
]]></system-out>
  </testcase>
</testsuite>